WARNING: for repeatability, setting FPU to use double precision
============================[ Problem Statistics ]=============================
|                                                                             |
|  Number of variables:            21                                         |
|  Number of clauses:              70                                         |
|  Parse time:                   0.00 s                                       |
|                                                                             |
============================[ Search Statistics ]==============================
| Conflicts |          ORIGINAL         |          LEARNT          | Progress |
|           |    Vars  Clauses Literals |    Limit  Clauses Lit/Cl |          |
===============================================================================
===============================================================================
restarts              : 1
conflicts             : 7              (2597 /sec)
decisions             : 7              (0.00 % random) (2597 /sec)
propagations          : 84             (31169 /sec)
conflict literals     : 12             (7.69 % deleted)
Memory used           : 11.00 MB
CPU time              : 0.002695 s

UNSATISFIABLE
